
**********************************************************
Load InputArray
Log started: 30 Jan 2018 11:33:32am


**********************************************************
Load InputArray
Log started: 30 Jan 2018 3:52:26pm


**********************************************************
Load InputArray
Log started: 14 Feb 2018 9:54:10pm


**********************************************************
Load InputArray
Log started: 20 Feb 2018 6:03:05am


**********************************************************
Load InputArray
Log started: 16 Mar 2018 9:21:52pm


**********************************************************
Load InputArray
Log started: 16 Mar 2018 10:08:05pm

SortTab Order:6 T-Shift:0
Matrix: L8:P1 L12:P1 L18:P2
Menu:1 Nums: 16 29 32 33 34 35 36 37 38 39

SortTab Order:6 T-Shift:0
Matrix: L18:P2
Menu:1 Nums: 29 33 34 35 36 39

SortTab Order:6 T-Shift:0
Matrix: L22:P3 L31:P3
Menu:1 Nums: 33 34 35 36 39

SortTab Order:6 T-Shift:0
Matrix: L22:P3
Menu:1 Nums: 35 36 39

SortTab Order:6 T-Shift:0
Matrix: L22:P3 L25:P4 L31:P5 L33:P6
Menu:2 Nums: 36 39

SortTab Order:6 T-Shift:0
Matrix: L7:P1 L19:P2 L22:P3 L25:P4
[Excluded reset]

SortTab Order:5 T-Shift:0
Matrix: L25:P2 L42:P2 L51:P2
Menu:1 Nums: 20 21 22 23 26 27 28 29 31 32 34 35 36 37

SortTab Order:5 T-Shift:0
Matrix: L14:P1 L20:P1
Menu:1 Nums: 21 22 23 26 27 28 31 32 34 35 36 37

SortTab Order:5 T-Shift:0
Matrix: L57:P3 L76:P3
Menu:1 Nums: 22 23 26 27 28 31 36

SortTab Order:5 T-Shift:0
Matrix: L76:P3
Menu:1 Nums: 22 23 28 31 36

SortTab Order:5 T-Shift:0
Matrix: L92:P4 L98:P4
Menu:1 Nums: 23 28 31 36

SortTab Order:5 T-Shift:0
Matrix: L88:P4
Menu:1 Nums: 23 28 36

SortTab Order:5 T-Shift:0
Matrix: L110:P5 L138:P5 L142:P6
Menu:2 Nums: 23 36

SortTab Order:5 T-Shift:0
[Excluded reset]

SortTab Order:4 T-Shift:0
Matrix: L16:P1 L24:P1 L33:P1
Menu:1 Nums: 10 12 13 14 16 18 19 21 22 25 26 27 29 30 31 35

SortTab Order:4 T-Shift:0
Matrix: L26:P2 L46:P2
Menu:1 Nums: 13 14 18 19 21 25 26 29 31

SortTab Order:4 T-Shift:0
Matrix: L16:P1
Menu:1 Nums: 14 19 21 25 26 29

SortTab Order:4 T-Shift:0
Matrix: L26:P2
Menu:1 Nums: 14 19 21 25 26

SortTab Order:4 T-Shift:0
Matrix: L35:P3 L40:P3
Menu:1 Nums: 14 19 21 25

SortTab Order:4 T-Shift:0
Matrix: L36:P4 L53:P4
Menu:1 Nums: 14 19 21

SortTab Order:4 T-Shift:0
Matrix: L35:P3 L36:P4 L37:P5
[Excluded reset]

SortTab Order:3 T-Shift:0
Matrix: L13:P1 L23:P1 L30:P1
Menu:1 Nums: 4 5 11 12 15 16 19 21 22 23 25 26 27 31

SortTab Order:3 T-Shift:0
Matrix: L47:P3 L52:P4 L67:P4 L93:P4
Menu:1 Nums: 5 11 12 16 19 21 23

SortTab Order:3 T-Shift:0
Matrix: L47:P3
Menu:1 Nums: 5 11 19 21

SortTab Order:3 T-Shift:0
Matrix: L36:P2
Menu:1 Nums: 5 11 19

SortTab Order:3 T-Shift:0
Matrix: L190:P7
[Excluded reset]

SortTab Order:2 T-Shift:0
Matrix: L15:P1 L27:P1
Menu:1 Nums: 2 3 5 6 7 9 12 13 14 15 21 26

SortTab Order:2 T-Shift:0
Matrix: L46:P3 L63:P3
Menu:1 Nums: 3 6 9 12 13 15 21

SortTab Order:2 T-Shift:0
Matrix: L38:P2
Menu:1 Nums: 3 6 9 13 21

SortTab Order:2 T-Shift:0
Matrix: L46:P3
Menu:1 Nums: 3 9 13 21

SortTab Order:2 T-Shift:0
Menu:2 Nums: 3 6 9 13 21

SortTab Order:2 T-Shift:0
Matrix: L72:P5
Menu:1 Nums: 3 9 13

SortTab Order:2 T-Shift:0
Matrix: L38:P2 L44:P3 L64:P4 L72:P5 L97:P6 L101:P6 L111:P7 L121:P8 L164:P10
Menu:2 Nums: 3 13

SortTab Order:2 T-Shift:0
[Excluded reset]


**********************************************************
Load InputArray
Log started: 17 Mar 2018 3:05:58pm

OrderTab Order:1 T-Shift:0
[Excluded reset]

OrderTab Order:1 T-Shift:0
Matrix: L48:P1
Menu:1 Nums: 8 9 11 13 15 16 17 19

OrderTab Order:1 T-Shift:0
Matrix: L61:P2 L73:P3 L97:P2 L167:P3
Menu:1 Nums: 8 9 11 13 15

OrderTab Order:1 T-Shift:0
Matrix: L178:P9 L269:P9
Menu:1 Nums: 8 9 11

OrderTab Order:1 T-Shift:0
Matrix: L61:P2
Menu:1 Nums: 8 9

OrderTab Order:2 T-Shift:0
[Excluded reset]

OrderTab Order:2 T-Shift:0
Matrix: L34:P3 L48:P3 L69:P3
Menu:1 Nums: 3 4 5 6 9 10 12 13 15 16 17 21

OrderTab Order:2 T-Shift:0
Matrix: L48:P3 L69:P3
Menu:1 Nums: 3 4 6 9 10 12 13 15 16 17 21

OrderTab Order:2 T-Shift:0
Matrix: L69:P3
Menu:1 Nums: 4 6 9 10 12 15 16 17 21

OrderTab Order:2 T-Shift:0
Matrix: L57:P2 L63:P2
Menu:1 Nums: 4 10 12 15 16

OrderTab Order:2 T-Shift:0
Matrix: L82:P4 L86:P5 L92:P5 L95:P6
Menu:1 Nums: 10 12 16

OrderTab Order:2 T-Shift:0
Matrix: L86:P5
Menu:1 Nums: 10 12

OrderTab Order:2 T-Shift:0
Matrix: L95:P6 L116:P8
[Excluded reset]

OrderTab Order:3 T-Shift:0
Matrix: L29:P3 L42:P3
Menu:1 Nums: 10 12 13 15 18 19 21

OrderTab Order:3 T-Shift:0
Matrix: L29:P3 L44:P4
Menu:1 Nums: 10 12 13 18

OrderTab Order:3 T-Shift:0
Matrix: L20:P2 L29:P3 L45:P4 L57:P5
Menu:2 Nums: 12 18

OrderTab Order:3 T-Shift:0
Matrix: L66:P6 L72:P7
[Excluded reset]

OrderTab Order:3 T-Shift:0
Matrix: L20:P2 L27:P2 L88:P2 L122:P2
Menu:1 Nums: 4 5 6 8 10 12 13 14 15 18 19 20 22 24 25 26 27 30 31

OrderTab Order:3 T-Shift:0
Matrix: L29:P3
Menu:1 Nums: 10 12 13 18

OrderTab Order:3 T-Shift:0
[Excluded reset]

OrderTab Order:4 T-Shift:0
Matrix: L9:P1 L18:P1 L26:P1
Menu:1 Nums: 10 12 13 14 16 18 19 21 22 24 25 26 29 30 35

OrderTab Order:4 T-Shift:0
Matrix: L25:P2 L28:P2
Menu:1 Nums: 13 14 16 19 21 24 25 26

OrderTab Order:4 T-Shift:0
Matrix: L9:P1
Menu:1 Nums: 14 16 21 24 25 26

OrderTab Order:4 T-Shift:0
Matrix: L28:P2 L42:P3
Menu:1 Nums: 14 16 21 25 26

OrderTab Order:4 T-Shift:0
Matrix: L76:P4
Menu:1 Nums: 14 16 21 26

OrderTab Order:4 T-Shift:0
Matrix: L93:P4
Menu:1 Nums: 14 16 21

OrderTab Order:4 T-Shift:0
Matrix: L9:P1 L28:P2 L42:P3 L115:P5
Menu:2 Nums: 14 21

OrderTab Order:5 T-Shift:0
[Excluded reset]

OrderTab Order:5 T-Shift:0
Matrix: L16:P1 L38:P1
Menu:1 Nums: 11 17 20 21 23 24 27 28 29 30 32 33 34 35 36 37

OrderTab Order:5 T-Shift:0
Matrix: L16:P1 L91:P4
Menu:1 Nums: 11 21 23 24 27 28 30 32 33 34 35 36 37

OrderTab Order:5 T-Shift:0
Matrix: L53:P2 L89:P4 L90:P4 L112:P5
Menu:1 Nums: 21 23 24 27 28 32 34 36 37

OrderTab Order:5 T-Shift:0
Matrix: L43:P2 L53:P2
Menu:1 Nums: 21 23 27 28 32 34 36 37

OrderTab Order:5 T-Shift:0
Matrix: L78:P3 L81:P3
Menu:1 Nums: 23 28 36

OrderTab Order:5 T-Shift:0
Matrix: L51:P2 L64:P2 L73:P3 L78:P3
Menu:2 Nums: 23 28

OrderTab Order:5 T-Shift:0
Matrix: L88:P4 L106:P5 L114:P6
[Excluded reset]

OrderTab Order:5 T-Shift:0
Matrix: L16:P1 L21:P2 L44:P2
Menu:1 Nums: 11 20 21 22 23 24 26 27 29 30 31 32 33 34 35 36 37

OrderTab Order:5 T-Shift:0
Matrix: L27:P3
Menu:1 Nums: 26 30 31 33

OrderTab Order:5 T-Shift:0
Matrix: L37:P4 L47:P5
Menu:1 Nums: 26 30 33

OrderTab Order:5 T-Shift:0
Matrix: L34:P4 L47:P5
Menu:2 Nums: 30 33

OrderTab Order:5 T-Shift:0
Matrix: L59:P6 L95:P7 L105:P9 L113:P9
[Excluded reset]


**********************************************************
Load InputArray
Log started: 17 Mar 2018 3:59:12pm

OrderTab Order:1 T-Shift:0
Matrix: L23:P3 L36:P3 L72:P3
Menu:1 Nums: 1 2 3 4 7 8 9 10 13

OrderTab Order:1 T-Shift:0
Matrix: L44:P5
Menu:1 Nums: 2 3 10

OrderTab Order:1 T-Shift:0
Matrix: L47:P6
Menu:1 Nums: 2 3

OrderTab Order:1 T-Shift:0
Matrix: L34:P2
[Excluded reset]

OrderTab Order:2 T-Shift:0
Matrix: L57:P2 L63:P2 L65:P3 L69:P3
Menu:1 Nums: 2 4 6 7 9 10 12 13 14 15 16 17 21 26

OrderTab Order:2 T-Shift:0
Matrix: L73:P4 L81:P4 L95:P4
Menu:1 Nums: 4 6 9 10 12 15 16 17 21

OrderTab Order:2 T-Shift:0
Matrix: L66:P3
Menu:1 Nums: 6 9 10 12 15 16 17 21

OrderTab Order:2 T-Shift:0
Matrix: L82:P4 L95:P4
Menu:1 Nums: 6 10 12 15 16 17 21

OrderTab Order:2 T-Shift:0
Matrix: L117:P5
Menu:1 Nums: 6 15 17

OrderTab Order:2 T-Shift:0
Matrix: L168:P7 L177:P8
Menu:2 Nums: 15 17

OrderTab Order:2 T-Shift:0
[Excluded reset]

DeepTab Order:1 T-Shift:0 C-Deep:249 Order
Matrix: L35:P1 L78:P1
Menu:1 Pass: 1 6 7 9 10 11 13 14 15 18 20 23 26 27 32 33 34 37 38 39 40

DeepTab Order:1 T-Shift:0 C-Deep:249 Order
Matrix: L98:P3 L120:P3 L140:P3
Menu:1 Pass: 7 9 10 14 15 18 23 26 27 34 39

DeepTab Order:1 T-Shift:0 C-Deep:249 Order
Matrix: L35:P1
Menu:1 Pass: 7 9 10 14 15 23 39

DeepTab Order:3 T-Shift:0 C-Deep:249 Order
[Excluded reset]

DeepTab Order:3 T-Shift:0 C-Deep:249 Order
Matrix: L18:P3 L32:P3 L49:P3 L55:P3
Menu:1 Pass: 2 10 11 12 13 14 15 16 17

OrderTab Order:3 T-Shift:0
Matrix: L249:P11 L249:P13 L249:P14
Menu:1 Nums: 10 12 14 15 21 23

OrderTab Order:3 T-Shift:0
Matrix: L17:P1 L24:P1
Menu:1 Nums: 12 15 21 23

OrderTab Order:3 T-Shift:0
Matrix: L35:P2 L42:P2
Menu:1 Nums: 15 21 23

OrderTab Order:3 T-Shift:0
Matrix: L86:P4
Menu:1 Nums: 15 23

OrderTab Order:3 T-Shift:0
Matrix: L108:P5 L117:P6 L122:P7
[Excluded reset]

DeepTab Order:3 T-Shift:0 C-Deep:249 Order
Matrix: L72:P5
[Excluded reset]

DeepTab Order:4 T-Shift:0 C-Deep:147 Order
Matrix: L15:P1
Menu:1 Pass: 2 3 5 6 8 9 12 13

OrderTab Order:4 T-Shift:0
Matrix: L147:P8 L147:P9 L147:P12
Menu:1 Nums: 21 22 24 26

OrderTab Order:4 T-Shift:0
Matrix: L25:P2
Menu:1 Nums: 21 24 26

OrderTab Order:4 T-Shift:0
Matrix: L31:P3
Menu:1 Nums: 21 24

OrderTab Order:4 T-Shift:0
Matrix: L62:P4 L63:P5
[Excluded reset]

DeepTab Order:4 T-Shift:0 C-Deep:147 Order
Matrix: L49:P3
[Excluded reset]

DeepTab Order:5 T-Shift:0 C-Deep:90 Order
Matrix: L24:P3
Menu:1 Pass: 1 4 5 6 7

OrderTab Order:5 T-Shift:0
Matrix: L90:P1 L90:P4 L90:P5 L90:P6 L90:P7
Menu:1 Nums: 16 17 19 23 24 25 26 27 28 29 30 31 33 34 35 36

OrderTab Order:5 T-Shift:0
Matrix: L16:P1 L34:P1
Menu:1 Nums: 17 23 24 27 28 29 30 33 34 35 36

OrderTab Order:5 T-Shift:0
Matrix: L91:P7 L117:P7
Menu:1 Nums: 27 28 30 33 35

OrderTab Order:5 T-Shift:0
Matrix: L21:P2
Menu:1 Nums: 30 33 35

DeepTab Order:5 T-Shift:0 C-Deep:90 Order
Matrix: L24:P3
[Excluded reset]

DeepTab Order:5 T-Shift:0 C-Deep:100 Order
Matrix: L12:P2 L26:P2 L41:P3
Menu:1 Pass: 1 2 3 4 5 8 9

DeepTab Order:5 T-Shift:0 C-Deep:100 Order
Matrix: L6:P1
Menu:1 Pass: 2 3 4 8

OrderTab Order:5 T-Shift:0
Matrix: L100:P8
[Excluded reset]

DeepTab Order:5 T-Shift:0 C-Deep:100 Order
[Excluded reset]

OrderTab Order:6 T-Shift:0
Matrix: L15:P1
Menu:1 Nums: 16 32 34 35 36 37 38

OrderTab Order:6 T-Shift:0
Matrix: L20:P2
Menu:1 Nums: 34 35 36

OrderTab Order:6 T-Shift:0
Matrix: L25:P3
Menu:1 Nums: 35 36

