
**********************************************************
Load InputArray
Log started: 27 Jan 2018 10:36:02am


**********************************************************
Load InputArray
Log started: 27 Jan 2018 10:37:11am

OrderTab Order:1 T-Shift:0
Matrix: L30:P1 L44:P1 L78:P2
Menu:1 Nums: 1 2 4 5 6 7 8 9 10 11 13 14 15 16 18 19 20 24 25 27 29 32 33 34 35 36

OrderTab Order:1 T-Shift:0
Matrix: L30:P1 L44:P1
Menu:1 Nums: 1 2 4 5 6 7 8 9 10 11 13 14 15 16 19 20 24 25 27 29 32 33 35

OrderTab Order:1 T-Shift:0
Matrix: L76:P2 L79:P2
Menu:1 Nums: 2 5 6 8 10 13 15 16 20 24 25 27 29 32

OrderTab Order:1 T-Shift:0
Matrix: L96:P3 L128:P4
Menu:1 Nums: 2 6 8 10 15 16 20 24 25 27

OrderTab Order:1 T-Shift:0
Matrix: L30:P1
Menu:1 Nums: 2 6 10 15 20 24 25 27

OrderTab Order:1 T-Shift:0
Matrix: L96:P3
Menu:1 Nums: 6 10 20 24 25 27

OrderTab Order:1 T-Shift:0
Matrix: L171:P6
Menu:1 Nums: 10 20 24 25

OrderTab Order:1 T-Shift:0
Matrix: L187:P7
Menu:1 Nums: 10 20 25

OrderTab Order:1 T-Shift:0
Matrix: L187:P7
[Excluded reset]

OrderTab Order:2 T-Shift:0
Matrix: L44:P1 L65:P1 L152:P4
Menu:1 Nums: 1 2 3 5 6 8 9 10 11 12 14 17 18 19 20 21 22 23 24 25 27 28 30 32 33 34 35 36

OrderTab Order:2 T-Shift:0
Matrix: L44:P1 L65:P1
Menu:1 Nums: 1 2 3 5 6 8 9 10 11 12 17 18 20 21 22 23 24 25 27 30 32 33 34 35 36

OrderTab Order:2 T-Shift:0
Matrix: L201:P7 L242:P7
Menu:1 Nums: 2 5 9 12 17 18 24 27 30 32 34

OrderTab Order:2 T-Shift:0
Matrix: L85:P2 L86:P3 L112:P3
Menu:1 Nums: 2 5 12 24 27 30 32

OrderTab Order:2 T-Shift:0
Matrix: L240:P7
Menu:1 Nums: 2 5 12 24 30 32

OrderTab Order:2 T-Shift:0
Matrix: L274:P8
Menu:1 Nums: 2 5 12 30 32

OrderTab Order:2 T-Shift:0
Matrix: L23:P0
Menu:1 Nums: 2 5 12 32

OrderTab Order:2 T-Shift:0
Matrix: L168:P6
[Excluded reset]

OrderTab Order:3 T-Shift:0
Matrix: L20:P1 L24:P1 L34:P2 L48:P1 L57:P2 L60:P1 L94:P2
Menu:1 Nums: 1 2 3 4 5 6 7 8 9 10 11 12 13 14 15 16 17 18 19 20 21 22 23 24 25 27 28 29 30 31 32 33 34 35 36

OrderTab Order:3 T-Shift:0
Matrix: L70:P3 L119:P3
Menu:1 Nums: 1 3 4 6 7 8 9 11 12 13 14 15 16 17 21 23 25 27 28 29 30 31 32 33 36

OrderTab Order:3 T-Shift:0
Matrix: L84:P4 L131:P4
Menu:1 Nums: 1 3 4 8 11 12 13 14 16 17 21 23 30 31 32

OrderTab Order:3 T-Shift:0
Matrix: L131:P4 L214:P5
Menu:1 Nums: 1 3 8 11 13 14 16 21 23 30 31 32

OrderTab Order:3 T-Shift:0
Matrix: L131:P4
Menu:1 Nums: 1 3 8 11 13 14 16 21 23 31

OrderTab Order:3 T-Shift:0
Matrix: L206:P5
Menu:1 Nums: 1 8 14 31

OrderTab Order:3 T-Shift:0
Matrix: L48:P1
Menu:1 Nums: 8 14 31

OrderTab Order:3 T-Shift:0
Matrix: L249:P6
Menu:1 Nums: 14 31

OrderTab Order:3 T-Shift:0
Matrix: L53:P1 L75:P2 L112:P3 L132:P4 L178:P4 L207:P5 L227:P5 L250:P6 L255:P7 L297:P7
Menu:1 Nums: 14 31

OrderTab Order:3 T-Shift:0
[Excluded reset]

OrderTab Order:4 T-Shift:0
Matrix: L22:P1 L31:P1 L58:P1 L60:P1 L94:P2
Menu:1 Nums: 1 2 6 7 8 9 10 11 12 13 14 15 16 18 19 21 22 23 24 25 26 28 29 30 31 32 36

OrderTab Order:4 T-Shift:0
Matrix: L38:P2 L94:P2 L135:P2
Menu:1 Nums: 2 6 7 8 10 12 13 14 15 18 19 22 23 24 29 30 31 32 36

OrderTab Order:4 T-Shift:0
Matrix: L65:P3 L138:P3
Menu:1 Nums: 2 7 8 10 13 14 15 19 22 23 24 29 30

OrderTab Order:4 T-Shift:0
Matrix: L22:P1
Menu:1 Nums: 2 8 10 14 15 19 23 24

OrderTab Order:4 T-Shift:0
Matrix: L84:P4
Menu:1 Nums: 10 14 19 23

OrderTab Order:4 T-Shift:0
[Excluded reset]

OrderTab Order:5 T-Shift:0
Matrix: L21:P1 L58:P1 L120:P3
Menu:1 Nums: 1 3 4 6 7 9 10 11 12 13 14 15 16 17 18 19 20 21 22 24 25 26 27 28 29 30 32 33 35 36

OrderTab Order:5 T-Shift:0
Matrix: L119:P3
Menu:1 Nums: 6 7 9 10 11 13 15 16 17 20 24 28 29 30 32 33 36

OrderTab Order:5 T-Shift:0
Matrix: L137:P4
Menu:1 Nums: 6 7 9 11 13 16 24 28 30 36

OrderTab Order:5 T-Shift:0
Matrix: L157:P6 L205:P6
Menu:1 Nums: 6 13 16 24 28 30 36

OrderTab Order:5 T-Shift:0
Matrix: L49:P1
[Excluded reset]


**********************************************************
Load InputArray
Log started: 27 Jan 2018 1:07:09pm


**********************************************************
Load InputArray
Log started: 16 Mar 2018 8:36:23pm

