
**********************************************************
Load InputArray
Log started: 7 Mar 2019 5:09:49am


**********************************************************
Load InputArray
Log started: 18 Mar 2019 3:05:21pm


**********************************************************
Load InputArray
Log started: 21 Mar 2019 10:33:26am


**********************************************************
Load InputArray
Log started: 2 Apr 2019 12:27:48pm


**********************************************************
Load InputArray
Log started: 3 Apr 2019 11:55:43am


**********************************************************
Load InputArray
Log started: 12 Jun 2019 10:33:58am


**********************************************************
Load InputArray
Log started: 28 Apr 2020 9:20:31am

