
**********************************************************
Load InputArray
Log started: 30 Jan 2018 12:18:51pm


**********************************************************
Load InputArray
Log started: 30 Jan 2018 4:00:44pm


**********************************************************
Load InputArray
Log started: 19 Feb 2018 7:29:32pm


**********************************************************
Load InputArray
Log started: 22 Feb 2018 7:05:17am


**********************************************************
Load InputArray
Log started: 20 Mar 2018 10:46:36am


**********************************************************
Load InputArray
Log started: 5 Oct 2018 12:48:27pm


**********************************************************
Load InputArray
Log started: 8 Nov 2018 5:03:36am


**********************************************************
Load InputArray
Log started: 8 Nov 2018 5:19:04am

